123D/
360NXS/
3DSMAX/
ACAD_E/
ACAD_E_MOB/
ACD/
ACD360MOB/
ACD360WEB/
ACDMAC/
ACDWS/
ACD_old_test/
ADR/
ADS/
ADSK360/
AIRMAX/
ALSK/
ALSKACD/
ALSKINK/
AMECH_PP/
APPSTORE/
AQTO/
ARCHDESK/
ARDES/
ASPRO/
BDS/
BLDSYS/
BZSW/
CERCIP/
CFG360/
CIV3D/
CLOUDS/
FDS/
FSN360/
HSTYLR/
IDS/
IMS/
INFMDR/
INV/
INVETO/
INVFUS/
INVPUB/
IWD/
LIRAFX/
M360/
MAP/
MARQUEEAPPS/
MAYA/
MBXPRO/
MF/
MYADSK/
NAV/
PDS/
PLNT3D/
PLTDS/
PNID/
RENDERING/
RSAPRO/
RSAPRO360/
RVT/
SCFD/
SFTIM/
SHOWCASE/
SIM360/
SIM360_CFD/
SIM360_I/
SIM360_JM/
SIMDFM/
SKETPRO/
STRDET/
TORCH/
VLT/
test/
